<?xml version="1.0" encoding="UTF-8"?>
<!-- Generated by org.testng.reporters.JUnitXMLReporter -->
<testsuite hostname="Balaji-PC" ignored="3" name="Default test(failed)" tests="1" failures="1" timestamp="06 Feb 2021 15:03:47 GMT" time="19.775" errors="0">
  <testcase name="SelectSecondProduct" time="0.023" classname="Testcases.UsingPom">
    <failure type="java.lang.NullPointerException">
      <![CDATA[java.lang.NullPointerException
at pages.AmazoneResultSerachPage.SelectingProduct(AmazoneResultSerachPage.java:31)
at Testcases.UsingPom.SelectSecondProduct(UsingPom.java:36)
... Removed 25 stack frames]]>
    </failure>
  </testcase> <!-- SelectSecondProduct -->
  <testcase name="Sort" time="0.0" classname="Testcases.UsingPom">
    <ignored/>
  </testcase> <!-- Sort -->
  <testcase name="VerifyText" time="0.0" classname="Testcases.UsingPom">
    <ignored/>
  </testcase> <!-- VerifyText -->
  <testcase name="EnterNikon" time="0.0" classname="Testcases.UsingPom">
    <ignored/>
  </testcase> <!-- EnterNikon -->
</testsuite> <!-- Default test(failed) -->
