<?xml version="1.0" encoding="UTF-8"?>
<!-- Generated by org.testng.reporters.JUnitXMLReporter -->
<testsuite hostname="Balaji-PC" ignored="0" name="Default test" tests="4" failures="0" timestamp="07 Feb 2021 10:42:30 GMT" time="36.606" errors="0">
  <testcase name="EnterNikon" time="6.537" classname="Testcases.AssighnmentUsingTestNG"/>
  <testcase name="Sort" time="2.332" classname="Testcases.AssighnmentUsingTestNG"/>
  <testcase name="SelectSecondProduct" time="8.419" classname="Testcases.AssighnmentUsingTestNG"/>
  <testcase name="VerifyText" time="0.045" classname="Testcases.AssighnmentUsingTestNG"/>
</testsuite> <!-- Default test -->
