<?xml version="1.0" encoding="UTF-8"?>
<testng-results skipped="0" failed="0" ignored="0" total="4" passed="4">
  <reporter-output>
  </reporter-output>
  <suite name="Default suite" duration-ms="36606" started-at="2021-02-07T10:41:53Z" finished-at="2021-02-07T10:42:30Z">
    <groups>
    </groups>
    <test name="Default test" duration-ms="36606" started-at="2021-02-07T10:41:53Z" finished-at="2021-02-07T10:42:30Z">
      <class name="Testcases.AssighnmentUsingTestNG">
        <test-method status="PASS" signature="setuoApplication()[pri:0, instance:Testcases.AssighnmentUsingTestNG@6451e]" name="setuoApplication" is-config="true" duration-ms="18254" started-at="2021-02-07T10:41:53Z" finished-at="2021-02-07T10:42:11Z">
          <reporter-output>
          </reporter-output>
        </test-method> <!-- setuoApplication -->
        <test-method status="PASS" signature="EnterNikon()[pri:0, instance:Testcases.AssighnmentUsingTestNG@6451e]" name="EnterNikon" duration-ms="6537" started-at="2021-02-07T10:42:11Z" description="This testcase will enter Nikon in serch Textbox" finished-at="2021-02-07T10:42:18Z">
          <reporter-output>
          </reporter-output>
        </test-method> <!-- EnterNikon -->
        <test-method status="PASS" signature="Sort()[pri:1, instance:Testcases.AssighnmentUsingTestNG@6451e]" name="Sort" duration-ms="2332" started-at="2021-02-07T10:42:18Z" description="This testcase is to sort price form higest to lowest" finished-at="2021-02-07T10:42:20Z">
          <reporter-output>
          </reporter-output>
        </test-method> <!-- Sort -->
        <test-method status="PASS" signature="SelectSecondProduct()[pri:2, instance:Testcases.AssighnmentUsingTestNG@6451e]" name="SelectSecondProduct" duration-ms="8419" started-at="2021-02-07T10:42:20Z" description="This testcase is to select second product to see the details" finished-at="2021-02-07T10:42:29Z">
          <reporter-output>
          </reporter-output>
        </test-method> <!-- SelectSecondProduct -->
        <test-method status="PASS" signature="VerifyText()[pri:3, instance:Testcases.AssighnmentUsingTestNG@6451e]" name="VerifyText" duration-ms="45" started-at="2021-02-07T10:42:29Z" description="This testcase is to verify the text &#039;Nikon D850&#039;exists in product topic" finished-at="2021-02-07T10:42:29Z">
          <reporter-output>
          </reporter-output>
        </test-method> <!-- VerifyText -->
        <test-method status="PASS" signature="closeApplication()[pri:0, instance:Testcases.AssighnmentUsingTestNG@6451e]" name="closeApplication" is-config="true" duration-ms="958" started-at="2021-02-07T10:42:29Z" finished-at="2021-02-07T10:42:30Z">
          <reporter-output>
          </reporter-output>
        </test-method> <!-- closeApplication -->
      </class> <!-- Testcases.AssighnmentUsingTestNG -->
    </test> <!-- Default test -->
  </suite> <!-- Default suite -->
</testng-results>
